09-06-2016 15:54:20.393 TRACE org.springframework.aop.interceptor.JamonPerformanceMonitorInterceptor  - JAMon performance statistics for method [persistence.PlayDAO.displayPlays]:
JAMon Label=persistence.PlayDAO.displayPlays, Units=ms.: (LastValue=130.0, Hits=1.0, Avg=130.0, Total=130.0, Min=130.0, Max=130.0, Active=0.0, Avg Active=1.0, Max Active=1.0, First Access=Thu Jun 09 15:54:20 EEST 2016, Last Access=Thu Jun 09 15:54:20 EEST 2016)
09-06-2016 15:54:20.482 TRACE org.springframework.aop.interceptor.JamonPerformanceMonitorInterceptor  - JAMon performance statistics for method [persistence.PlayDAO.displayPlays]:
JAMon Label=persistence.PlayDAO.displayPlays, Units=ms.: (LastValue=3.0, Hits=2.0, Avg=66.5, Total=133.0, Min=3.0, Max=130.0, Active=0.0, Avg Active=1.0, Max Active=1.0, First Access=Thu Jun 09 15:54:20 EEST 2016, Last Access=Thu Jun 09 15:54:20 EEST 2016)
09-06-2016 15:54:27.477 TRACE org.springframework.aop.interceptor.JamonPerformanceMonitorInterceptor  - JAMon performance statistics for method [persistence.ManagerDAO.findManagerByNameAndPass]:
JAMon Label=persistence.ManagerDAO.findManagerByNameAndPass, Units=ms.: (LastValue=16.0, Hits=1.0, Avg=16.0, Total=16.0, Min=16.0, Max=16.0, Active=0.0, Avg Active=1.0, Max Active=1.0, First Access=Thu Jun 09 15:54:27 EEST 2016, Last Access=Thu Jun 09 15:54:27 EEST 2016)
09-06-2016 15:54:31.917 TRACE org.springframework.aop.interceptor.JamonPerformanceMonitorInterceptor  - JAMon performance statistics for method [persistence.PlayDAO.displayPlays]:
JAMon Label=persistence.PlayDAO.displayPlays, Units=ms.: (LastValue=4.0, Hits=3.0, Avg=45.666666666666664, Total=137.0, Min=3.0, Max=130.0, Active=0.0, Avg Active=1.0, Max Active=1.0, First Access=Thu Jun 09 15:54:20 EEST 2016, Last Access=Thu Jun 09 15:54:31 EEST 2016)
09-06-2016 15:54:31.959 TRACE org.springframework.aop.interceptor.JamonPerformanceMonitorInterceptor  - JAMon performance statistics for method [persistence.PlayDAO.displayPlays]:
JAMon Label=persistence.PlayDAO.displayPlays, Units=ms.: (LastValue=3.0, Hits=4.0, Avg=35.0, Total=140.0, Min=3.0, Max=130.0, Active=0.0, Avg Active=1.0, Max Active=1.0, First Access=Thu Jun 09 15:54:20 EEST 2016, Last Access=Thu Jun 09 15:54:31 EEST 2016)
09-06-2016 15:54:37.472 TRACE org.springframework.aop.interceptor.JamonPerformanceMonitorInterceptor  - JAMon performance statistics for method [persistence.ManagerDAO.findManagerByNameAndPass]:
JAMon Label=persistence.ManagerDAO.findManagerByNameAndPass, Units=ms.: (LastValue=1.0, Hits=2.0, Avg=8.5, Total=17.0, Min=1.0, Max=16.0, Active=0.0, Avg Active=1.0, Max Active=1.0, First Access=Thu Jun 09 15:54:27 EEST 2016, Last Access=Thu Jun 09 15:54:37 EEST 2016)
09-06-2016 15:54:37.483 TRACE org.springframework.aop.interceptor.JamonPerformanceMonitorInterceptor  - JAMon performance statistics for method [persistence.UserDAO.findUserByNameAndPass]:
JAMon Label=persistence.UserDAO.findUserByNameAndPass, Units=ms.: (LastValue=9.0, Hits=1.0, Avg=9.0, Total=9.0, Min=9.0, Max=9.0, Active=0.0, Avg Active=1.0, Max Active=1.0, First Access=Thu Jun 09 15:54:37 EEST 2016, Last Access=Thu Jun 09 15:54:37 EEST 2016)
09-06-2016 15:54:39.165 TRACE org.springframework.aop.interceptor.JamonPerformanceMonitorInterceptor  - JAMon performance statistics for method [persistence.PlaceDAO.findByShowID]:
JAMon Label=persistence.PlaceDAO.findByShowID, Units=ms.: (LastValue=62.0, Hits=1.0, Avg=62.0, Total=62.0, Min=62.0, Max=62.0, Active=0.0, Avg Active=1.0, Max Active=1.0, First Access=Thu Jun 09 15:54:39 EEST 2016, Last Access=Thu Jun 09 15:54:39 EEST 2016)
09-06-2016 15:54:39.608 TRACE org.springframework.aop.interceptor.JamonPerformanceMonitorInterceptor  - JAMon performance statistics for method [persistence.PlaceDAO.findByShowID]:
JAMon Label=persistence.PlaceDAO.findByShowID, Units=ms.: (LastValue=40.0, Hits=2.0, Avg=51.0, Total=102.0, Min=40.0, Max=62.0, Active=0.0, Avg Active=1.0, Max Active=1.0, First Access=Thu Jun 09 15:54:39 EEST 2016, Last Access=Thu Jun 09 15:54:39 EEST 2016)
09-06-2016 15:54:39.982 TRACE org.springframework.aop.interceptor.JamonPerformanceMonitorInterceptor  - JAMon performance statistics for method [persistence.PlaceDAO.findByShowID]:
JAMon Label=persistence.PlaceDAO.findByShowID, Units=ms.: (LastValue=25.0, Hits=3.0, Avg=42.333333333333336, Total=127.0, Min=25.0, Max=62.0, Active=0.0, Avg Active=1.0, Max Active=1.0, First Access=Thu Jun 09 15:54:39 EEST 2016, Last Access=Thu Jun 09 15:54:39 EEST 2016)
